<?xml version="1.0" encoding="utf-8"?><testsuites><testsuite name="pytest" errors="0" failures="0" skipped="0" tests="3" time="14.468" timestamp="2024-07-16T14:17:30.055616" hostname="DESKTOP-OJKQ2RC"><testcase classname="test_HomePage.TestHomePage" name="test_formSubmission[getFormData0]" time="4.389" /><testcase classname="test_HomePage.TestHomePage" name="test_formSubmission[getFormData1]" time="0.885" /><testcase classname="test_e2e.TestOne" name="test_e2e" time="9.105" /></testsuite></testsuites>